2025-04-20 23:59:59 INFO            _                _                      
2025-04-20 23:59:59 INFO           / \   ___ ___ ___| | ___ _ __ __ _ _   _ 
2025-04-20 23:59:59 INFO          / _ \ / __/ __/ _ \ |/ _ \ '__/ _` | | | |
2025-04-20 23:59:59 INFO         / ___ \ (_| (_|  __/ |  __/ | | (_| | |_| |
2025-04-20 23:59:59 INFO        /_/   \_\___\___\___|_|\___|_|  \__, |\__, |
2025-04-20 23:59:59 INFO                                        |___/ |___/ 
2025-04-20 23:59:59 INFO        generating outputs according to the following specified output flags... 
2025-04-20 23:59:59 INFO         Please use the -f flag to update the preference (default to all output files)
2025-04-20 23:59:59 INFO        {'ERT': 1, 'ERT_summary': 1, 'ART': 1, 'ART_summary': 1, 'energy_estimation': 1, 'flattened_arch': 1}
2025-04-20 23:59:59 INFO        Located config file at /home/workspace/.config/accelergy/accelergy_config.yaml.
2025-04-20 23:59:59 INFO        config file located:
2025-04-20 23:59:59 INFO        /home/workspace/.config/accelergy/accelergy_config.yaml
2025-04-20 23:59:59 INFO        YAML Setting environment variable TIMELOOP_HIDE_INCONSEQUENTIAL_STATS to 1
2025-04-20 23:59:59 INFO        Parsing file /home/workspace/example_designs/example_designs/kalabhya_custom/outputs/query/parsed-processed-input.yaml for architecture info
2025-04-20 23:59:59 INFO        Parsing file /home/workspace/example_designs/example_designs/kalabhya_custom/outputs/query/parsed-processed-input.yaml for compound_components info
2025-04-21 00:00:00 INFO        YAML Setting environment variable TIMELOOP_HIDE_INCONSEQUENTIAL_STATS to 1
2025-04-21 00:00:00 INFO        Adding required action "write" to class DRAM
2025-04-21 00:00:00 INFO        Adding required action "read" to class DRAM
2025-04-21 00:00:00 INFO        Adding required action "update" to class DRAM
2025-04-21 00:00:00 INFO        Adding required action "leak" to class DRAM
2025-04-21 00:00:00 INFO        Adding required action "write" to class aladdin_register
2025-04-21 00:00:00 INFO        Adding required action "read" to class aladdin_register
2025-04-21 00:00:00 INFO        Adding required action "update" to class aladdin_register
2025-04-21 00:00:00 INFO        Adding required action "leak" to class aladdin_register
2025-04-21 00:00:00 INFO        Estimator plug-in identified by: /usr/local/share/accelergy/estimation_plug_ins/accelergy-neurosim-plugin/neurosim.estimator.yaml
2025-04-21 00:00:00 INFO        Estimator plug-in identified by: /usr/local/share/accelergy/estimation_plug_ins/accelergy-cacti-plug-in/cacti.estimator.yaml
2025-04-21 00:00:00 INFO        Estimator plug-in identified by: /usr/local/share/accelergy/estimation_plug_ins/dummy_tables/dummy.estimator.yaml
2025-04-21 00:00:00 INFO        Estimator plug-in identified by: /usr/local/share/accelergy/estimation_plug_ins/accelergy-table-based-plug-ins/table.estimator.yaml
2025-04-21 00:00:00 INFO        Estimator plug-in identified by: /usr/local/share/accelergy/estimation_plug_ins/accelergy-library-plugin/library.estimator.yaml
2025-04-21 00:00:00 INFO        Estimator plug-in identified by: /usr/local/share/accelergy/estimation_plug_ins/accelergy-adc-plug-in/adc.estimator.yaml
2025-04-21 00:00:00 INFO        Estimator plug-in identified by: /usr/local/share/accelergy/estimation_plug_ins/accelergy-aladdin-plug-in/aladdin.estimator.yaml
2025-04-21 00:00:00 INFO        Loading Python plug-in: /usr/local/share/accelergy/estimation_plug_ins/accelergy-cacti-plug-in/cacti_wrapper.py. Errors below are likely due to plug-in, not Accelergy.
2025-04-21 00:00:00 INFO        Getting all estimators in module <module 'python_plug_in0' from '/usr/local/share/accelergy/estimation_plug_ins/accelergy-cacti-plug-in/cacti_wrapper.py'>
2025-04-21 00:00:00 INFO        Added estimator CactiCache that estimates cache with actions idle, read, read_access, update, update_access, write, write_access, leak
2025-04-21 00:00:00 INFO        Added estimator CactiDRAM that estimates ['DRAM', 'dram'] with actions idle, read, update, write, leak
2025-04-21 00:00:00 INFO        Added estimator CactiSRAM that estimates ['SRAM', 'sram'] with actions idle, read, update, write, leak
2025-04-21 00:00:00 INFO        Done loading Python plug-ins.
2025-04-21 00:00:00 INFO        Found estimator plug-in: Neurosim Plug-In (<NeuroWrapper.NeuroWrapper object at 0x7f8bb4867d60>)
2025-04-21 00:00:00 INFO        Found estimator plug-in: dummy (<DummyTable.DummyTable object at 0x7f8bb4867bb0>)
2025-04-21 00:00:00 INFO        Found estimator plug-in: DEPRECATED table-based-plug-ins. Use the Library plug-in instead. (<SetsOfTables.SetsOfTables object at 0x7f8bb4755a50>)
2025-04-21 00:00:00 INFO        Found estimator plug-in: Library (<LibraryEstimator.LibraryEstimator object at 0x7f8bb4756020>)
2025-04-21 00:00:00 INFO        Found estimator plug-in: ADC Plug-In (<ADCEstimator.ADCEstimator object at 0x7f8bb47d91b0>)
2025-04-21 00:00:00 INFO        Found estimator plug-in: Aladdin_table (<AladdinTable.AladdinTable object at 0x7f8bb47d9090>)
2025-04-21 00:00:00 INFO        Found estimator plug-in: CactiCache (<accelergy.plug_in_interface.estimator_wrapper.EstimatorWrapper object at 0x7f8bb47dad10>)
2025-04-21 00:00:00 INFO        Found estimator plug-in: CactiDRAM (<accelergy.plug_in_interface.estimator_wrapper.EstimatorWrapper object at 0x7f8bb47dacb0>)
2025-04-21 00:00:00 INFO        Found estimator plug-in: CactiSRAM (<accelergy.plug_in_interface.estimator_wrapper.EstimatorWrapper object at 0x7f8bb47d9b40>)
2025-04-21 00:00:00 INFO        Calculated intadder."width" as "adder_width" = 32.
2025-04-21 00:00:00 INFO        Calculated intmultiplier."width_a" as "multiplier_width" = 16.
2025-04-21 00:00:00 INFO        Calculated intmultiplier."width_b" as "multiplier_width" = 16.
2025-04-21 00:00:00 INFO        
2025-04-21 00:00:00 INFO        ENERGY ESTIMATION for DRAM(type=LPDDR4, width=64, depth=65536, datawidth=16, has_power_gating=False, n_banks=2, cluster_size=1, reduction_supported=True, multiple_buffering=1, min_utilization=0, allow_overbooking=False, meshX=1, meshY=1, version=0.4, technology=SET ME, global_cycle_seconds=1e-09, action_latency_cycles=1, cycle_seconds=1e-09, n_instances=1).write(global_cycle_seconds=1e-09, action_latency_cycles=1)
2025-04-21 00:00:00 INFO        CactiDRAM estimated 5.12e-10 with accuracy 80%. Messages:
2025-04-21 00:00:00 INFO        | Unused arguments (depth, datawidth, has_power_gating, n_banks, cluster_size, reduction_supported, multiple_buffering, min_utilization, allow_overbooking, meshX, meshY, version, technology, global_cycle_seconds, action_latency_cycles, cycle_seconds, n_instances) provided for ['DRAM', 'dram'].__init__. Arguments used: (type, width)
2025-04-21 00:00:00 INFO        | Unused arguments (global_cycle_seconds, action_latency_cycles) provided for ['DRAM', 'dram'].write. Arguments used: ()
2025-04-21 00:00:00 INFO        
2025-04-21 00:00:00 INFO        ENERGY ESTIMATION for DRAM(type=LPDDR4, width=64, depth=65536, datawidth=16, has_power_gating=False, n_banks=2, cluster_size=1, reduction_supported=True, multiple_buffering=1, min_utilization=0, allow_overbooking=False, meshX=1, meshY=1, version=0.4, technology=SET ME, global_cycle_seconds=1e-09, action_latency_cycles=1, cycle_seconds=1e-09, n_instances=1).read(global_cycle_seconds=1e-09, action_latency_cycles=1)
2025-04-21 00:00:00 INFO        CactiDRAM estimated 5.12e-10 with accuracy 80%. Messages:
2025-04-21 00:00:00 INFO        | Unused arguments (depth, datawidth, has_power_gating, n_banks, cluster_size, reduction_supported, multiple_buffering, min_utilization, allow_overbooking, meshX, meshY, version, technology, global_cycle_seconds, action_latency_cycles, cycle_seconds, n_instances) provided for ['DRAM', 'dram'].__init__. Arguments used: (type, width)
2025-04-21 00:00:00 INFO        | Unused arguments (global_cycle_seconds, action_latency_cycles) provided for ['DRAM', 'dram'].read. Arguments used: ()
2025-04-21 00:00:00 INFO        
2025-04-21 00:00:00 INFO        ENERGY ESTIMATION for DRAM(type=LPDDR4, width=64, depth=65536, datawidth=16, has_power_gating=False, n_banks=2, cluster_size=1, reduction_supported=True, multiple_buffering=1, min_utilization=0, allow_overbooking=False, meshX=1, meshY=1, version=0.4, technology=SET ME, global_cycle_seconds=1e-09, action_latency_cycles=1, cycle_seconds=1e-09, n_instances=1).update(global_cycle_seconds=1e-09, action_latency_cycles=1)
2025-04-21 00:00:00 INFO        CactiDRAM estimated 5.12e-10 with accuracy 80%. Messages:
2025-04-21 00:00:00 INFO        | Unused arguments (depth, datawidth, has_power_gating, n_banks, cluster_size, reduction_supported, multiple_buffering, min_utilization, allow_overbooking, meshX, meshY, version, technology, global_cycle_seconds, action_latency_cycles, cycle_seconds, n_instances) provided for ['DRAM', 'dram'].__init__. Arguments used: (type, width)
2025-04-21 00:00:00 INFO        | Unused arguments (global_cycle_seconds, action_latency_cycles) provided for ['DRAM', 'dram'].update. Arguments used: ()
2025-04-21 00:00:00 INFO        
2025-04-21 00:00:00 INFO        ENERGY ESTIMATION for DRAM(type=LPDDR4, width=64, depth=65536, datawidth=16, has_power_gating=False, n_banks=2, cluster_size=1, reduction_supported=True, multiple_buffering=1, min_utilization=0, allow_overbooking=False, meshX=1, meshY=1, version=0.4, technology=SET ME, global_cycle_seconds=1e-09, action_latency_cycles=1, cycle_seconds=1e-09, n_instances=1).leak(global_cycle_seconds=1e-09, action_latency_cycles=1)
2025-04-21 00:00:00 INFO        CactiDRAM estimated 0 with accuracy 80%. Messages:
2025-04-21 00:00:00 INFO        | Unused arguments (depth, datawidth, has_power_gating, n_banks, cluster_size, reduction_supported, multiple_buffering, min_utilization, allow_overbooking, meshX, meshY, version, technology, global_cycle_seconds, action_latency_cycles, cycle_seconds, n_instances) provided for ['DRAM', 'dram'].__init__. Arguments used: (type, width)
2025-04-21 00:00:00 INFO        | Unused arguments (action_latency_cycles) provided for ['DRAM', 'dram'].leak. Arguments used: (global_cycle_seconds)
2025-04-21 00:00:00 INFO        | Multiplying by n_instances 1
2025-04-21 00:00:00 INFO        
2025-04-21 00:00:00 INFO        ENERGY ESTIMATION for aladdin_register(depth=1, width=16, datawidth=16, has_power_gating=False, n_banks=2, cluster_size=1, reduction_supported=True, multiple_buffering=1, min_utilization=0, allow_overbooking=False, meshX=32, meshY=32, technology=45nm, version=0.4, global_cycle_seconds=1e-09, action_latency_cycles=1, cycle_seconds=1e-09, n_instances=1).write(global_cycle_seconds=1e-09, action_latency_cycles=1)
2025-04-21 00:00:00 INFO        Library estimated 0.0p with accuracy 90%. Messages:
2025-04-21 00:00:00 INFO        | Found 1 entries for aladdin_register.write.
2025-04-21 00:00:00 INFO        | Checking entry "{'technology': '40nm', 'global_cycle_seconds': '1e-9', 'width|datawidth': '1', 'dynamic energy(pJ)': '0', 'area(um^2)': '5.98E+00', 'action': 'write', 'name': 'aladdin_register', 'n_instances': 1}
2025-04-21 00:00:00 INFO        | value=0.0, matching_attrs=2, log=['Scaling width from 1 to 16', 'Scaling technology from 40nm to 45nm', 'Scaling global_cycle_seconds from 1e-9 to 1e-09', 'Scaled aladdin_register.width from 1.0 to 16.0: 16.0x energy', 'Scaled aladdin_register.technology from 40.0 to 45.0: 1.265241016612673x energy', 'Scaled aladdin_register.global_cycle_seconds from 1e-09 to 1e-09: 1x energy', 'aladdin_register energy has been scaled 20.24385626580277x']
2025-04-21 00:00:00 INFO        | Best-matching entry: {'technology': '40nm', 'global_cycle_seconds': '1e-9', 'width|datawidth': '1', 'dynamic energy(pJ)': '0', 'area(um^2)': '5.98E+00', 'action': 'write', 'name': 'aladdin_register', 'n_instances': 1}
2025-04-21 00:00:00 INFO        | Scaling width from 1 to 16
2025-04-21 00:00:00 INFO        | Scaling technology from 40nm to 45nm
2025-04-21 00:00:00 INFO        | Scaling global_cycle_seconds from 1e-9 to 1e-09
2025-04-21 00:00:00 INFO        | Scaled aladdin_register.width from 1.0 to 16.0: 16.0x energy
2025-04-21 00:00:00 INFO        | Scaled aladdin_register.technology from 40.0 to 45.0: 1.265241016612673x energy
2025-04-21 00:00:00 INFO        | Scaled aladdin_register.global_cycle_seconds from 1e-09 to 1e-09: 1x energy
2025-04-21 00:00:00 INFO        | aladdin_register energy has been scaled 20.24385626580277x
2025-04-21 00:00:00 INFO        
2025-04-21 00:00:00 INFO        ENERGY ESTIMATION for aladdin_register(depth=1, width=16, datawidth=16, has_power_gating=False, n_banks=2, cluster_size=1, reduction_supported=True, multiple_buffering=1, min_utilization=0, allow_overbooking=False, meshX=32, meshY=32, technology=45nm, version=0.4, global_cycle_seconds=1e-09, action_latency_cycles=1, cycle_seconds=1e-09, n_instances=1).read(global_cycle_seconds=1e-09, action_latency_cycles=1)
2025-04-21 00:00:00 INFO        Library estimated 0.1821947063922249p with accuracy 90%. Messages:
2025-04-21 00:00:00 INFO        | Found 1 entries for aladdin_register.read.
2025-04-21 00:00:00 INFO        | Checking entry "{'technology': '40nm', 'global_cycle_seconds': '1e-9', 'width|datawidth': '1', 'dynamic energy(pJ)': '0.009', 'area(um^2)': '5.98E+00', 'action': 'read', 'name': 'aladdin_register', 'n_instances': 1}
2025-04-21 00:00:00 INFO        | value=0.009, matching_attrs=2, log=['Scaling width from 1 to 16', 'Scaling technology from 40nm to 45nm', 'Scaling global_cycle_seconds from 1e-9 to 1e-09', 'Scaled aladdin_register.width from 1.0 to 16.0: 16.0x energy', 'Scaled aladdin_register.technology from 40.0 to 45.0: 1.265241016612673x energy', 'Scaled aladdin_register.global_cycle_seconds from 1e-09 to 1e-09: 1x energy', 'aladdin_register energy has been scaled 20.24385626580277x']
2025-04-21 00:00:00 INFO        | Best-matching entry: {'technology': '40nm', 'global_cycle_seconds': '1e-9', 'width|datawidth': '1', 'dynamic energy(pJ)': '0.009', 'area(um^2)': '5.98E+00', 'action': 'read', 'name': 'aladdin_register', 'n_instances': 1}
2025-04-21 00:00:00 INFO        | Scaling width from 1 to 16
2025-04-21 00:00:00 INFO        | Scaling technology from 40nm to 45nm
2025-04-21 00:00:00 INFO        | Scaling global_cycle_seconds from 1e-9 to 1e-09
2025-04-21 00:00:00 INFO        | Scaled aladdin_register.width from 1.0 to 16.0: 16.0x energy
2025-04-21 00:00:00 INFO        | Scaled aladdin_register.technology from 40.0 to 45.0: 1.265241016612673x energy
2025-04-21 00:00:00 INFO        | Scaled aladdin_register.global_cycle_seconds from 1e-09 to 1e-09: 1x energy
2025-04-21 00:00:00 INFO        | aladdin_register energy has been scaled 20.24385626580277x
2025-04-21 00:00:00 INFO        
2025-04-21 00:00:00 INFO        ENERGY ESTIMATION for aladdin_register(depth=1, width=16, datawidth=16, has_power_gating=False, n_banks=2, cluster_size=1, reduction_supported=True, multiple_buffering=1, min_utilization=0, allow_overbooking=False, meshX=32, meshY=32, technology=45nm, version=0.4, global_cycle_seconds=1e-09, action_latency_cycles=1, cycle_seconds=1e-09, n_instances=1).update(global_cycle_seconds=1e-09, action_latency_cycles=1)
2025-04-21 00:00:00 INFO        Library estimated 0.0p with accuracy 90%. Messages:
2025-04-21 00:00:00 INFO        | Found 1 entries for aladdin_register.update.
2025-04-21 00:00:00 INFO        | Checking entry "{'technology': '40nm', 'global_cycle_seconds': '1e-9', 'width|datawidth': '1', 'dynamic energy(pJ)': '0', 'area(um^2)': '5.98E+00', 'action': 'update', 'name': 'aladdin_register', 'n_instances': 1}
2025-04-21 00:00:00 INFO        | value=0.0, matching_attrs=2, log=['Scaling width from 1 to 16', 'Scaling technology from 40nm to 45nm', 'Scaling global_cycle_seconds from 1e-9 to 1e-09', 'Scaled aladdin_register.width from 1.0 to 16.0: 16.0x energy', 'Scaled aladdin_register.technology from 40.0 to 45.0: 1.265241016612673x energy', 'Scaled aladdin_register.global_cycle_seconds from 1e-09 to 1e-09: 1x energy', 'aladdin_register energy has been scaled 20.24385626580277x']
2025-04-21 00:00:00 INFO        | Best-matching entry: {'technology': '40nm', 'global_cycle_seconds': '1e-9', 'width|datawidth': '1', 'dynamic energy(pJ)': '0', 'area(um^2)': '5.98E+00', 'action': 'update', 'name': 'aladdin_register', 'n_instances': 1}
2025-04-21 00:00:00 INFO        | Scaling width from 1 to 16
2025-04-21 00:00:00 INFO        | Scaling technology from 40nm to 45nm
2025-04-21 00:00:00 INFO        | Scaling global_cycle_seconds from 1e-9 to 1e-09
2025-04-21 00:00:00 INFO        | Scaled aladdin_register.width from 1.0 to 16.0: 16.0x energy
2025-04-21 00:00:00 INFO        | Scaled aladdin_register.technology from 40.0 to 45.0: 1.265241016612673x energy
2025-04-21 00:00:00 INFO        | Scaled aladdin_register.global_cycle_seconds from 1e-09 to 1e-09: 1x energy
2025-04-21 00:00:00 INFO        | aladdin_register energy has been scaled 20.24385626580277x
2025-04-21 00:00:00 INFO        
2025-04-21 00:00:00 INFO        ENERGY ESTIMATION for aladdin_register(depth=1, width=16, datawidth=16, has_power_gating=False, n_banks=2, cluster_size=1, reduction_supported=True, multiple_buffering=1, min_utilization=0, allow_overbooking=False, meshX=32, meshY=32, technology=45nm, version=0.4, global_cycle_seconds=1e-09, action_latency_cycles=1, cycle_seconds=1e-09, n_instances=1).leak(global_cycle_seconds=1e-09, action_latency_cycles=1)
2025-04-21 00:00:00 INFO        Library estimated 0.0p with accuracy 90%. Messages:
2025-04-21 00:00:00 INFO        | Found 1 entries for aladdin_register.leak.
2025-04-21 00:00:00 INFO        | Checking entry "{'technology': '40nm', 'global_cycle_seconds': '1e-9', 'width|datawidth': '1', 'dynamic energy(pJ)': '0', 'area(um^2)': '5.98E+00', 'action': 'leak', 'name': 'aladdin_register', 'n_instances': 1}
2025-04-21 00:00:00 INFO        | value=0.0, matching_attrs=2, log=['Scaling width from 1 to 16', 'Scaling technology from 40nm to 45nm', 'Scaling global_cycle_seconds from 1e-9 to 1e-09', 'Scaled aladdin_register.width from 1.0 to 16.0: 16.0x leak', 'Scaled aladdin_register.technology from 40.0 to 45.0: 1.265241016612673x leak', 'Scaled aladdin_register.global_cycle_seconds from 1e-09 to 1e-09: 1.0x leak', 'aladdin_register leak has been scaled 20.24385626580277x']
2025-04-21 00:00:00 INFO        | Best-matching entry: {'technology': '40nm', 'global_cycle_seconds': '1e-9', 'width|datawidth': '1', 'dynamic energy(pJ)': '0', 'area(um^2)': '5.98E+00', 'action': 'leak', 'name': 'aladdin_register', 'n_instances': 1}
2025-04-21 00:00:00 INFO        | Scaling width from 1 to 16
2025-04-21 00:00:00 INFO        | Scaling technology from 40nm to 45nm
2025-04-21 00:00:00 INFO        | Scaling global_cycle_seconds from 1e-9 to 1e-09
2025-04-21 00:00:00 INFO        | Scaled aladdin_register.width from 1.0 to 16.0: 16.0x leak
2025-04-21 00:00:00 INFO        | Scaled aladdin_register.technology from 40.0 to 45.0: 1.265241016612673x leak
2025-04-21 00:00:00 INFO        | Scaled aladdin_register.global_cycle_seconds from 1e-09 to 1e-09: 1.0x leak
2025-04-21 00:00:00 INFO        | aladdin_register leak has been scaled 20.24385626580277x
2025-04-21 00:00:00 INFO        | Multiplying by n_instances 1
2025-04-21 00:00:00 INFO        
2025-04-21 00:00:00 INFO        ENERGY ESTIMATION for aladdin_register(depth=1, width=16, datawidth=16, has_power_gating=False, n_banks=2, cluster_size=1, reduction_supported=True, multiple_buffering=1, min_utilization=0, allow_overbooking=False, meshX=32, meshY=32, technology=45nm, version=0.4, global_cycle_seconds=1e-09, action_latency_cycles=1, cycle_seconds=1e-09, n_instances=1).write(global_cycle_seconds=1e-09, action_latency_cycles=1)
2025-04-21 00:00:00 INFO        Library estimated 0.0p with accuracy 90%. Messages:
2025-04-21 00:00:00 INFO        | Found 1 entries for aladdin_register.write.
2025-04-21 00:00:00 INFO        | Checking entry "{'technology': '40nm', 'global_cycle_seconds': '1e-9', 'width|datawidth': '1', 'dynamic energy(pJ)': '0', 'area(um^2)': '5.98E+00', 'action': 'write', 'name': 'aladdin_register', 'n_instances': 1}
2025-04-21 00:00:00 INFO        | value=0.0, matching_attrs=2, log=['Scaling width from 1 to 16', 'Scaling technology from 40nm to 45nm', 'Scaling global_cycle_seconds from 1e-9 to 1e-09', 'Scaled aladdin_register.width from 1.0 to 16.0: 16.0x energy', 'Scaled aladdin_register.technology from 40.0 to 45.0: 1.265241016612673x energy', 'Scaled aladdin_register.global_cycle_seconds from 1e-09 to 1e-09: 1x energy', 'aladdin_register energy has been scaled 20.24385626580277x']
2025-04-21 00:00:00 INFO        | Best-matching entry: {'technology': '40nm', 'global_cycle_seconds': '1e-9', 'width|datawidth': '1', 'dynamic energy(pJ)': '0', 'area(um^2)': '5.98E+00', 'action': 'write', 'name': 'aladdin_register', 'n_instances': 1}
2025-04-21 00:00:00 INFO        | Scaling width from 1 to 16
2025-04-21 00:00:00 INFO        | Scaling technology from 40nm to 45nm
2025-04-21 00:00:00 INFO        | Scaling global_cycle_seconds from 1e-9 to 1e-09
2025-04-21 00:00:00 INFO        | Scaled aladdin_register.width from 1.0 to 16.0: 16.0x energy
2025-04-21 00:00:00 INFO        | Scaled aladdin_register.technology from 40.0 to 45.0: 1.265241016612673x energy
2025-04-21 00:00:00 INFO        | Scaled aladdin_register.global_cycle_seconds from 1e-09 to 1e-09: 1x energy
2025-04-21 00:00:00 INFO        | aladdin_register energy has been scaled 20.24385626580277x
2025-04-21 00:00:00 INFO        
2025-04-21 00:00:00 INFO        ENERGY ESTIMATION for aladdin_register(depth=1, width=16, datawidth=16, has_power_gating=False, n_banks=2, cluster_size=1, reduction_supported=True, multiple_buffering=1, min_utilization=0, allow_overbooking=False, meshX=32, meshY=32, technology=45nm, version=0.4, global_cycle_seconds=1e-09, action_latency_cycles=1, cycle_seconds=1e-09, n_instances=1).read(global_cycle_seconds=1e-09, action_latency_cycles=1)
2025-04-21 00:00:00 INFO        Library estimated 0.1821947063922249p with accuracy 90%. Messages:
2025-04-21 00:00:00 INFO        | Found 1 entries for aladdin_register.read.
2025-04-21 00:00:00 INFO        | Checking entry "{'technology': '40nm', 'global_cycle_seconds': '1e-9', 'width|datawidth': '1', 'dynamic energy(pJ)': '0.009', 'area(um^2)': '5.98E+00', 'action': 'read', 'name': 'aladdin_register', 'n_instances': 1}
2025-04-21 00:00:00 INFO        | value=0.009, matching_attrs=2, log=['Scaling width from 1 to 16', 'Scaling technology from 40nm to 45nm', 'Scaling global_cycle_seconds from 1e-9 to 1e-09', 'Scaled aladdin_register.width from 1.0 to 16.0: 16.0x energy', 'Scaled aladdin_register.technology from 40.0 to 45.0: 1.265241016612673x energy', 'Scaled aladdin_register.global_cycle_seconds from 1e-09 to 1e-09: 1x energy', 'aladdin_register energy has been scaled 20.24385626580277x']
2025-04-21 00:00:00 INFO        | Best-matching entry: {'technology': '40nm', 'global_cycle_seconds': '1e-9', 'width|datawidth': '1', 'dynamic energy(pJ)': '0.009', 'area(um^2)': '5.98E+00', 'action': 'read', 'name': 'aladdin_register', 'n_instances': 1}
2025-04-21 00:00:00 INFO        | Scaling width from 1 to 16
2025-04-21 00:00:00 INFO        | Scaling technology from 40nm to 45nm
2025-04-21 00:00:00 INFO        | Scaling global_cycle_seconds from 1e-9 to 1e-09
2025-04-21 00:00:00 INFO        | Scaled aladdin_register.width from 1.0 to 16.0: 16.0x energy
2025-04-21 00:00:00 INFO        | Scaled aladdin_register.technology from 40.0 to 45.0: 1.265241016612673x energy
2025-04-21 00:00:00 INFO        | Scaled aladdin_register.global_cycle_seconds from 1e-09 to 1e-09: 1x energy
2025-04-21 00:00:00 INFO        | aladdin_register energy has been scaled 20.24385626580277x
2025-04-21 00:00:00 INFO        
2025-04-21 00:00:00 INFO        ENERGY ESTIMATION for aladdin_register(depth=1, width=16, datawidth=16, has_power_gating=False, n_banks=2, cluster_size=1, reduction_supported=True, multiple_buffering=1, min_utilization=0, allow_overbooking=False, meshX=32, meshY=32, technology=45nm, version=0.4, global_cycle_seconds=1e-09, action_latency_cycles=1, cycle_seconds=1e-09, n_instances=1).update(global_cycle_seconds=1e-09, action_latency_cycles=1)
2025-04-21 00:00:00 INFO        Library estimated 0.0p with accuracy 90%. Messages:
2025-04-21 00:00:00 INFO        | Found 1 entries for aladdin_register.update.
2025-04-21 00:00:00 INFO        | Checking entry "{'technology': '40nm', 'global_cycle_seconds': '1e-9', 'width|datawidth': '1', 'dynamic energy(pJ)': '0', 'area(um^2)': '5.98E+00', 'action': 'update', 'name': 'aladdin_register', 'n_instances': 1}
2025-04-21 00:00:00 INFO        | value=0.0, matching_attrs=2, log=['Scaling width from 1 to 16', 'Scaling technology from 40nm to 45nm', 'Scaling global_cycle_seconds from 1e-9 to 1e-09', 'Scaled aladdin_register.width from 1.0 to 16.0: 16.0x energy', 'Scaled aladdin_register.technology from 40.0 to 45.0: 1.265241016612673x energy', 'Scaled aladdin_register.global_cycle_seconds from 1e-09 to 1e-09: 1x energy', 'aladdin_register energy has been scaled 20.24385626580277x']
2025-04-21 00:00:00 INFO        | Best-matching entry: {'technology': '40nm', 'global_cycle_seconds': '1e-9', 'width|datawidth': '1', 'dynamic energy(pJ)': '0', 'area(um^2)': '5.98E+00', 'action': 'update', 'name': 'aladdin_register', 'n_instances': 1}
2025-04-21 00:00:00 INFO        | Scaling width from 1 to 16
2025-04-21 00:00:00 INFO        | Scaling technology from 40nm to 45nm
2025-04-21 00:00:00 INFO        | Scaling global_cycle_seconds from 1e-9 to 1e-09
2025-04-21 00:00:00 INFO        | Scaled aladdin_register.width from 1.0 to 16.0: 16.0x energy
2025-04-21 00:00:00 INFO        | Scaled aladdin_register.technology from 40.0 to 45.0: 1.265241016612673x energy
2025-04-21 00:00:00 INFO        | Scaled aladdin_register.global_cycle_seconds from 1e-09 to 1e-09: 1x energy
2025-04-21 00:00:00 INFO        | aladdin_register energy has been scaled 20.24385626580277x
2025-04-21 00:00:00 INFO        
2025-04-21 00:00:00 INFO        ENERGY ESTIMATION for aladdin_register(depth=1, width=16, datawidth=16, has_power_gating=False, n_banks=2, cluster_size=1, reduction_supported=True, multiple_buffering=1, min_utilization=0, allow_overbooking=False, meshX=32, meshY=32, technology=45nm, version=0.4, global_cycle_seconds=1e-09, action_latency_cycles=1, cycle_seconds=1e-09, n_instances=1).leak(global_cycle_seconds=1e-09, action_latency_cycles=1)
2025-04-21 00:00:00 INFO        Library estimated 0.0p with accuracy 90%. Messages:
2025-04-21 00:00:00 INFO        | Found 1 entries for aladdin_register.leak.
2025-04-21 00:00:00 INFO        | Checking entry "{'technology': '40nm', 'global_cycle_seconds': '1e-9', 'width|datawidth': '1', 'dynamic energy(pJ)': '0', 'area(um^2)': '5.98E+00', 'action': 'leak', 'name': 'aladdin_register', 'n_instances': 1}
2025-04-21 00:00:00 INFO        | value=0.0, matching_attrs=2, log=['Scaling width from 1 to 16', 'Scaling technology from 40nm to 45nm', 'Scaling global_cycle_seconds from 1e-9 to 1e-09', 'Scaled aladdin_register.width from 1.0 to 16.0: 16.0x leak', 'Scaled aladdin_register.technology from 40.0 to 45.0: 1.265241016612673x leak', 'Scaled aladdin_register.global_cycle_seconds from 1e-09 to 1e-09: 1.0x leak', 'aladdin_register leak has been scaled 20.24385626580277x']
2025-04-21 00:00:00 INFO        | Best-matching entry: {'technology': '40nm', 'global_cycle_seconds': '1e-9', 'width|datawidth': '1', 'dynamic energy(pJ)': '0', 'area(um^2)': '5.98E+00', 'action': 'leak', 'name': 'aladdin_register', 'n_instances': 1}
2025-04-21 00:00:00 INFO        | Scaling width from 1 to 16
2025-04-21 00:00:00 INFO        | Scaling technology from 40nm to 45nm
2025-04-21 00:00:00 INFO        | Scaling global_cycle_seconds from 1e-9 to 1e-09
2025-04-21 00:00:00 INFO        | Scaled aladdin_register.width from 1.0 to 16.0: 16.0x leak
2025-04-21 00:00:00 INFO        | Scaled aladdin_register.technology from 40.0 to 45.0: 1.265241016612673x leak
2025-04-21 00:00:00 INFO        | Scaled aladdin_register.global_cycle_seconds from 1e-09 to 1e-09: 1.0x leak
2025-04-21 00:00:00 INFO        | aladdin_register leak has been scaled 20.24385626580277x
2025-04-21 00:00:00 INFO        | Multiplying by n_instances 1
2025-04-21 00:00:00 INFO        
2025-04-21 00:00:00 INFO        ENERGY ESTIMATION for aladdin_register(depth=1, width=16, datawidth=16, has_power_gating=False, n_banks=2, cluster_size=1, reduction_supported=True, multiple_buffering=1, min_utilization=0, allow_overbooking=False, meshX=32, meshY=32, technology=45nm, version=0.4, global_cycle_seconds=1e-09, action_latency_cycles=1, cycle_seconds=1e-09, n_instances=1).write(global_cycle_seconds=1e-09, action_latency_cycles=1)
2025-04-21 00:00:00 INFO        Library estimated 0.0p with accuracy 90%. Messages:
2025-04-21 00:00:00 INFO        | Found 1 entries for aladdin_register.write.
2025-04-21 00:00:00 INFO        | Checking entry "{'technology': '40nm', 'global_cycle_seconds': '1e-9', 'width|datawidth': '1', 'dynamic energy(pJ)': '0', 'area(um^2)': '5.98E+00', 'action': 'write', 'name': 'aladdin_register', 'n_instances': 1}
2025-04-21 00:00:00 INFO        | value=0.0, matching_attrs=2, log=['Scaling width from 1 to 16', 'Scaling technology from 40nm to 45nm', 'Scaling global_cycle_seconds from 1e-9 to 1e-09', 'Scaled aladdin_register.width from 1.0 to 16.0: 16.0x energy', 'Scaled aladdin_register.technology from 40.0 to 45.0: 1.265241016612673x energy', 'Scaled aladdin_register.global_cycle_seconds from 1e-09 to 1e-09: 1x energy', 'aladdin_register energy has been scaled 20.24385626580277x']
2025-04-21 00:00:00 INFO        | Best-matching entry: {'technology': '40nm', 'global_cycle_seconds': '1e-9', 'width|datawidth': '1', 'dynamic energy(pJ)': '0', 'area(um^2)': '5.98E+00', 'action': 'write', 'name': 'aladdin_register', 'n_instances': 1}
2025-04-21 00:00:00 INFO        | Scaling width from 1 to 16
2025-04-21 00:00:00 INFO        | Scaling technology from 40nm to 45nm
2025-04-21 00:00:00 INFO        | Scaling global_cycle_seconds from 1e-9 to 1e-09
2025-04-21 00:00:00 INFO        | Scaled aladdin_register.width from 1.0 to 16.0: 16.0x energy
2025-04-21 00:00:00 INFO        | Scaled aladdin_register.technology from 40.0 to 45.0: 1.265241016612673x energy
2025-04-21 00:00:00 INFO        | Scaled aladdin_register.global_cycle_seconds from 1e-09 to 1e-09: 1x energy
2025-04-21 00:00:00 INFO        | aladdin_register energy has been scaled 20.24385626580277x
2025-04-21 00:00:00 INFO        
2025-04-21 00:00:00 INFO        ENERGY ESTIMATION for aladdin_register(depth=1, width=16, datawidth=16, has_power_gating=False, n_banks=2, cluster_size=1, reduction_supported=True, multiple_buffering=1, min_utilization=0, allow_overbooking=False, meshX=32, meshY=32, technology=45nm, version=0.4, global_cycle_seconds=1e-09, action_latency_cycles=1, cycle_seconds=1e-09, n_instances=1).read(global_cycle_seconds=1e-09, action_latency_cycles=1)
2025-04-21 00:00:00 INFO        Library estimated 0.1821947063922249p with accuracy 90%. Messages:
2025-04-21 00:00:00 INFO        | Found 1 entries for aladdin_register.read.
2025-04-21 00:00:00 INFO        | Checking entry "{'technology': '40nm', 'global_cycle_seconds': '1e-9', 'width|datawidth': '1', 'dynamic energy(pJ)': '0.009', 'area(um^2)': '5.98E+00', 'action': 'read', 'name': 'aladdin_register', 'n_instances': 1}
2025-04-21 00:00:00 INFO        | value=0.009, matching_attrs=2, log=['Scaling width from 1 to 16', 'Scaling technology from 40nm to 45nm', 'Scaling global_cycle_seconds from 1e-9 to 1e-09', 'Scaled aladdin_register.width from 1.0 to 16.0: 16.0x energy', 'Scaled aladdin_register.technology from 40.0 to 45.0: 1.265241016612673x energy', 'Scaled aladdin_register.global_cycle_seconds from 1e-09 to 1e-09: 1x energy', 'aladdin_register energy has been scaled 20.24385626580277x']
2025-04-21 00:00:00 INFO        | Best-matching entry: {'technology': '40nm', 'global_cycle_seconds': '1e-9', 'width|datawidth': '1', 'dynamic energy(pJ)': '0.009', 'area(um^2)': '5.98E+00', 'action': 'read', 'name': 'aladdin_register', 'n_instances': 1}
2025-04-21 00:00:00 INFO        | Scaling width from 1 to 16
2025-04-21 00:00:00 INFO        | Scaling technology from 40nm to 45nm
2025-04-21 00:00:00 INFO        | Scaling global_cycle_seconds from 1e-9 to 1e-09
2025-04-21 00:00:00 INFO        | Scaled aladdin_register.width from 1.0 to 16.0: 16.0x energy
2025-04-21 00:00:00 INFO        | Scaled aladdin_register.technology from 40.0 to 45.0: 1.265241016612673x energy
2025-04-21 00:00:00 INFO        | Scaled aladdin_register.global_cycle_seconds from 1e-09 to 1e-09: 1x energy
2025-04-21 00:00:00 INFO        | aladdin_register energy has been scaled 20.24385626580277x
2025-04-21 00:00:00 INFO        
2025-04-21 00:00:00 INFO        ENERGY ESTIMATION for aladdin_register(depth=1, width=16, datawidth=16, has_power_gating=False, n_banks=2, cluster_size=1, reduction_supported=True, multiple_buffering=1, min_utilization=0, allow_overbooking=False, meshX=32, meshY=32, technology=45nm, version=0.4, global_cycle_seconds=1e-09, action_latency_cycles=1, cycle_seconds=1e-09, n_instances=1).update(global_cycle_seconds=1e-09, action_latency_cycles=1)
2025-04-21 00:00:00 INFO        Library estimated 0.0p with accuracy 90%. Messages:
2025-04-21 00:00:00 INFO        | Found 1 entries for aladdin_register.update.
2025-04-21 00:00:00 INFO        | Checking entry "{'technology': '40nm', 'global_cycle_seconds': '1e-9', 'width|datawidth': '1', 'dynamic energy(pJ)': '0', 'area(um^2)': '5.98E+00', 'action': 'update', 'name': 'aladdin_register', 'n_instances': 1}
2025-04-21 00:00:00 INFO        | value=0.0, matching_attrs=2, log=['Scaling width from 1 to 16', 'Scaling technology from 40nm to 45nm', 'Scaling global_cycle_seconds from 1e-9 to 1e-09', 'Scaled aladdin_register.width from 1.0 to 16.0: 16.0x energy', 'Scaled aladdin_register.technology from 40.0 to 45.0: 1.265241016612673x energy', 'Scaled aladdin_register.global_cycle_seconds from 1e-09 to 1e-09: 1x energy', 'aladdin_register energy has been scaled 20.24385626580277x']
2025-04-21 00:00:00 INFO        | Best-matching entry: {'technology': '40nm', 'global_cycle_seconds': '1e-9', 'width|datawidth': '1', 'dynamic energy(pJ)': '0', 'area(um^2)': '5.98E+00', 'action': 'update', 'name': 'aladdin_register', 'n_instances': 1}
2025-04-21 00:00:00 INFO        | Scaling width from 1 to 16
2025-04-21 00:00:00 INFO        | Scaling technology from 40nm to 45nm
2025-04-21 00:00:00 INFO        | Scaling global_cycle_seconds from 1e-9 to 1e-09
2025-04-21 00:00:00 INFO        | Scaled aladdin_register.width from 1.0 to 16.0: 16.0x energy
2025-04-21 00:00:00 INFO        | Scaled aladdin_register.technology from 40.0 to 45.0: 1.265241016612673x energy
2025-04-21 00:00:00 INFO        | Scaled aladdin_register.global_cycle_seconds from 1e-09 to 1e-09: 1x energy
2025-04-21 00:00:00 INFO        | aladdin_register energy has been scaled 20.24385626580277x
2025-04-21 00:00:00 INFO        
2025-04-21 00:00:00 INFO        ENERGY ESTIMATION for aladdin_register(depth=1, width=16, datawidth=16, has_power_gating=False, n_banks=2, cluster_size=1, reduction_supported=True, multiple_buffering=1, min_utilization=0, allow_overbooking=False, meshX=32, meshY=32, technology=45nm, version=0.4, global_cycle_seconds=1e-09, action_latency_cycles=1, cycle_seconds=1e-09, n_instances=1).leak(global_cycle_seconds=1e-09, action_latency_cycles=1)
2025-04-21 00:00:00 INFO        Library estimated 0.0p with accuracy 90%. Messages:
2025-04-21 00:00:00 INFO        | Found 1 entries for aladdin_register.leak.
2025-04-21 00:00:00 INFO        | Checking entry "{'technology': '40nm', 'global_cycle_seconds': '1e-9', 'width|datawidth': '1', 'dynamic energy(pJ)': '0', 'area(um^2)': '5.98E+00', 'action': 'leak', 'name': 'aladdin_register', 'n_instances': 1}
2025-04-21 00:00:00 INFO        | value=0.0, matching_attrs=2, log=['Scaling width from 1 to 16', 'Scaling technology from 40nm to 45nm', 'Scaling global_cycle_seconds from 1e-9 to 1e-09', 'Scaled aladdin_register.width from 1.0 to 16.0: 16.0x leak', 'Scaled aladdin_register.technology from 40.0 to 45.0: 1.265241016612673x leak', 'Scaled aladdin_register.global_cycle_seconds from 1e-09 to 1e-09: 1.0x leak', 'aladdin_register leak has been scaled 20.24385626580277x']
2025-04-21 00:00:00 INFO        | Best-matching entry: {'technology': '40nm', 'global_cycle_seconds': '1e-9', 'width|datawidth': '1', 'dynamic energy(pJ)': '0', 'area(um^2)': '5.98E+00', 'action': 'leak', 'name': 'aladdin_register', 'n_instances': 1}
2025-04-21 00:00:00 INFO        | Scaling width from 1 to 16
2025-04-21 00:00:00 INFO        | Scaling technology from 40nm to 45nm
2025-04-21 00:00:00 INFO        | Scaling global_cycle_seconds from 1e-9 to 1e-09
2025-04-21 00:00:00 INFO        | Scaled aladdin_register.width from 1.0 to 16.0: 16.0x leak
2025-04-21 00:00:00 INFO        | Scaled aladdin_register.technology from 40.0 to 45.0: 1.265241016612673x leak
2025-04-21 00:00:00 INFO        | Scaled aladdin_register.global_cycle_seconds from 1e-09 to 1e-09: 1.0x leak
2025-04-21 00:00:00 INFO        | aladdin_register leak has been scaled 20.24385626580277x
2025-04-21 00:00:00 INFO        | Multiplying by n_instances 1
2025-04-21 00:00:00 INFO        
2025-04-21 00:00:00 INFO        ENERGY ESTIMATION for aladdin_adder(width=32, global_cycle_seconds=1e-09, action_latency_cycles=1, cycle_seconds=1e-09, technology=45nm, n_instances=1).read(global_cycle_seconds=1e-09, action_latency_cycles=1, cycle_seconds=1e-09, technology=45nm, n_instances=1)
2025-04-21 00:00:00 INFO        Library estimated 0.26570061348866136p with accuracy 90%. Messages:
2025-04-21 00:00:00 INFO        | Found 1 entries for aladdin_adder.read.
2025-04-21 00:00:00 INFO        | Checking entry "{'technology': '40nm', 'global_cycle_seconds': '1e-9', 'width|datawidth': '32', 'energy': '0.21', 'area': '2.78E+02', 'action': 'read', 'name': 'aladdin_adder', 'n_instances': 1}
2025-04-21 00:00:00 INFO        | value=0.21, matching_attrs=3, log=['Scaling global_cycle_seconds from 1e-9 to 1e-09', 'Scaling technology from 40nm to 45nm', 'Scaled aladdin_adder.global_cycle_seconds from 1e-09 to 1e-09: 1x energy', 'Scaled aladdin_adder.technology from 40.0 to 45.0: 1.265241016612673x energy', 'aladdin_adder energy has been scaled 1.265241016612673x']
2025-04-21 00:00:00 INFO        | Best-matching entry: {'technology': '40nm', 'global_cycle_seconds': '1e-9', 'width|datawidth': '32', 'energy': '0.21', 'area': '2.78E+02', 'action': 'read', 'name': 'aladdin_adder', 'n_instances': 1}
2025-04-21 00:00:00 INFO        | Scaling global_cycle_seconds from 1e-9 to 1e-09
2025-04-21 00:00:00 INFO        | Scaling technology from 40nm to 45nm
2025-04-21 00:00:00 INFO        | Scaled aladdin_adder.global_cycle_seconds from 1e-09 to 1e-09: 1x energy
2025-04-21 00:00:00 INFO        | Scaled aladdin_adder.technology from 40.0 to 45.0: 1.265241016612673x energy
2025-04-21 00:00:00 INFO        | aladdin_adder energy has been scaled 1.265241016612673x
2025-04-21 00:00:00 INFO        
2025-04-21 00:00:00 INFO        ENERGY ESTIMATION for aladdin_multiplier(width_a=16, width_b=16, global_cycle_seconds=1e-09, action_latency_cycles=1, cycle_seconds=1e-09, technology=45nm, n_instances=1).read(global_cycle_seconds=1e-09, action_latency_cycles=1, cycle_seconds=1e-09, technology=45nm, n_instances=1)
2025-04-21 00:00:00 INFO        Library estimated 4.010814022662173p with accuracy 90%. Messages:
2025-04-21 00:00:00 INFO        | Found 1 entries for aladdin_multiplier.read.
2025-04-21 00:00:00 INFO        | Checking entry "{'technology': '40nm', 'global_cycle_seconds': '1e-9', 'width|datawidth': '32', 'width_a|datawidth_a': '32', 'width_b|datawidth_b': '32', 'energy(pJ)': '12.68', 'area(um^2)': '6350', 'action': 'read', 'name': 'aladdin_multiplier', 'n_instances': 1}
2025-04-21 00:00:00 INFO        | value=12.68, matching_attrs=2, log=['Scaling width_a from 32 to 16', 'Scaling width_b from 32 to 16', 'Scaling global_cycle_seconds from 1e-9 to 1e-09', 'Scaling technology from 40nm to 45nm', 'Scaled aladdin_multiplier.width_a from 32.0 to 16.0: 0.5x energy', 'Scaled aladdin_multiplier.width_b from 32.0 to 16.0: 0.5x energy', 'Scaled aladdin_multiplier.global_cycle_seconds from 1e-09 to 1e-09: 1x energy', 'Scaled aladdin_multiplier.technology from 40.0 to 45.0: 1.265241016612673x energy', 'aladdin_multiplier energy has been scaled 0.31631025415316827x']
2025-04-21 00:00:00 INFO        | Best-matching entry: {'technology': '40nm', 'global_cycle_seconds': '1e-9', 'width|datawidth': '32', 'width_a|datawidth_a': '32', 'width_b|datawidth_b': '32', 'energy(pJ)': '12.68', 'area(um^2)': '6350', 'action': 'read', 'name': 'aladdin_multiplier', 'n_instances': 1}
2025-04-21 00:00:00 INFO        | Scaling width_a from 32 to 16
2025-04-21 00:00:00 INFO        | Scaling width_b from 32 to 16
2025-04-21 00:00:00 INFO        | Scaling global_cycle_seconds from 1e-9 to 1e-09
2025-04-21 00:00:00 INFO        | Scaling technology from 40nm to 45nm
2025-04-21 00:00:00 INFO        | Scaled aladdin_multiplier.width_a from 32.0 to 16.0: 0.5x energy
2025-04-21 00:00:00 INFO        | Scaled aladdin_multiplier.width_b from 32.0 to 16.0: 0.5x energy
2025-04-21 00:00:00 INFO        | Scaled aladdin_multiplier.global_cycle_seconds from 1e-09 to 1e-09: 1x energy
2025-04-21 00:00:00 INFO        | Scaled aladdin_multiplier.technology from 40.0 to 45.0: 1.265241016612673x energy
2025-04-21 00:00:00 INFO        | aladdin_multiplier energy has been scaled 0.31631025415316827x
2025-04-21 00:00:00 INFO        
2025-04-21 00:00:00 INFO        ENERGY ESTIMATION for aladdin_adder(width=32, global_cycle_seconds=1e-09, action_latency_cycles=1, cycle_seconds=1e-09, technology=45nm, n_instances=1).leak(global_cycle_seconds=1e-09, action_latency_cycles=1, cycle_seconds=1e-09, technology=45nm, n_instances=1)
2025-04-21 00:00:00 INFO        Library estimated 0.003036578439870415p with accuracy 90%. Messages:
2025-04-21 00:00:00 INFO        | Found 1 entries for aladdin_adder.leak.
2025-04-21 00:00:00 INFO        | Checking entry "{'technology': '40nm', 'global_cycle_seconds': '1e-9', 'width|datawidth': '32', 'energy': '0.0024', 'area': '2.78E+02', 'action': 'leak', 'name': 'aladdin_adder', 'n_instances': 1}
2025-04-21 00:00:00 INFO        | value=0.0024, matching_attrs=3, log=['Scaling global_cycle_seconds from 1e-9 to 1e-09', 'Scaling technology from 40nm to 45nm', 'Scaled aladdin_adder.global_cycle_seconds from 1e-09 to 1e-09: 1.0x leak', 'Scaled aladdin_adder.technology from 40.0 to 45.0: 1.265241016612673x leak', 'aladdin_adder leak has been scaled 1.265241016612673x']
2025-04-21 00:00:00 INFO        | Best-matching entry: {'technology': '40nm', 'global_cycle_seconds': '1e-9', 'width|datawidth': '32', 'energy': '0.0024', 'area': '2.78E+02', 'action': 'leak', 'name': 'aladdin_adder', 'n_instances': 1}
2025-04-21 00:00:00 INFO        | Scaling global_cycle_seconds from 1e-9 to 1e-09
2025-04-21 00:00:00 INFO        | Scaling technology from 40nm to 45nm
2025-04-21 00:00:00 INFO        | Scaled aladdin_adder.global_cycle_seconds from 1e-09 to 1e-09: 1.0x leak
2025-04-21 00:00:00 INFO        | Scaled aladdin_adder.technology from 40.0 to 45.0: 1.265241016612673x leak
2025-04-21 00:00:00 INFO        | aladdin_adder leak has been scaled 1.265241016612673x
2025-04-21 00:00:00 INFO        | Multiplying by n_instances 1
2025-04-21 00:00:00 INFO        
2025-04-21 00:00:00 INFO        ENERGY ESTIMATION for aladdin_multiplier(width_a=16, width_b=16, global_cycle_seconds=1e-09, action_latency_cycles=1, cycle_seconds=1e-09, technology=45nm, n_instances=1).leak(global_cycle_seconds=1e-09, action_latency_cycles=1, cycle_seconds=1e-09, technology=45nm, n_instances=1)
2025-04-21 00:00:00 INFO        Library estimated 0.025304820332253463p with accuracy 90%. Messages:
2025-04-21 00:00:00 INFO        | Found 1 entries for aladdin_multiplier.leak.
2025-04-21 00:00:00 INFO        | Checking entry "{'technology': '40nm', 'global_cycle_seconds': '1e-9', 'width|datawidth': '32', 'width_a|datawidth_a': '32', 'width_b|datawidth_b': '32', 'energy(pJ)': '0.08', 'area(um^2)': '6350', 'action': 'leak', 'name': 'aladdin_multiplier', 'n_instances': 1}
2025-04-21 00:00:00 INFO        | value=0.08, matching_attrs=2, log=['Scaling width_a from 32 to 16', 'Scaling width_b from 32 to 16', 'Scaling global_cycle_seconds from 1e-9 to 1e-09', 'Scaling technology from 40nm to 45nm', 'Scaled aladdin_multiplier.width_a from 32.0 to 16.0: 0.5x leak', 'Scaled aladdin_multiplier.width_b from 32.0 to 16.0: 0.5x leak', 'Scaled aladdin_multiplier.global_cycle_seconds from 1e-09 to 1e-09: 1.0x leak', 'Scaled aladdin_multiplier.technology from 40.0 to 45.0: 1.265241016612673x leak', 'aladdin_multiplier leak has been scaled 0.31631025415316827x']
2025-04-21 00:00:00 INFO        | Best-matching entry: {'technology': '40nm', 'global_cycle_seconds': '1e-9', 'width|datawidth': '32', 'width_a|datawidth_a': '32', 'width_b|datawidth_b': '32', 'energy(pJ)': '0.08', 'area(um^2)': '6350', 'action': 'leak', 'name': 'aladdin_multiplier', 'n_instances': 1}
2025-04-21 00:00:00 INFO        | Scaling width_a from 32 to 16
2025-04-21 00:00:00 INFO        | Scaling width_b from 32 to 16
2025-04-21 00:00:00 INFO        | Scaling global_cycle_seconds from 1e-9 to 1e-09
2025-04-21 00:00:00 INFO        | Scaling technology from 40nm to 45nm
2025-04-21 00:00:00 INFO        | Scaled aladdin_multiplier.width_a from 32.0 to 16.0: 0.5x leak
2025-04-21 00:00:00 INFO        | Scaled aladdin_multiplier.width_b from 32.0 to 16.0: 0.5x leak
2025-04-21 00:00:00 INFO        | Scaled aladdin_multiplier.global_cycle_seconds from 1e-09 to 1e-09: 1.0x leak
2025-04-21 00:00:00 INFO        | Scaled aladdin_multiplier.technology from 40.0 to 45.0: 1.265241016612673x leak
2025-04-21 00:00:00 INFO        | aladdin_multiplier leak has been scaled 0.31631025415316827x
2025-04-21 00:00:00 INFO        | Multiplying by n_instances 1
2025-04-21 00:00:00 WARNING     No action counts are specified as yaml input
2025-04-21 00:00:00 INFO        
2025-04-21 00:00:00 INFO        AREA ESTIMATION for DRAM(type=LPDDR4, width=64, depth=65536, datawidth=16, has_power_gating=False, n_banks=2, cluster_size=1, reduction_supported=True, multiple_buffering=1, min_utilization=0, allow_overbooking=False, meshX=1, meshY=1, version=0.4, technology=SET ME, global_cycle_seconds=1e-09, action_latency_cycles=1, cycle_seconds=1e-09, n_instances=1)
2025-04-21 00:00:00 INFO        CactiDRAM estimated 0 with accuracy 80%. Messages:
2025-04-21 00:00:00 INFO        | Unused arguments (depth, datawidth, has_power_gating, n_banks, cluster_size, reduction_supported, multiple_buffering, min_utilization, allow_overbooking, meshX, meshY, version, technology, global_cycle_seconds, action_latency_cycles, cycle_seconds, n_instances) provided for ['DRAM', 'dram'].__init__. Arguments used: (type, width)
2025-04-21 00:00:00 INFO        | Multiplying by n_instances 1
2025-04-21 00:00:00 INFO        
2025-04-21 00:00:00 INFO        AREA ESTIMATION for dummy_storage(width=1, depth=1, datawidth=1, technology=-1, has_power_gating=False, n_banks=2, cluster_size=1, reduction_supported=True, multiple_buffering=1, min_utilization=0, allow_overbooking=False, meshX=1, meshY=1, version=0.4, global_cycle_seconds=1e-09, action_latency_cycles=1, cycle_seconds=1e-09, n_instances=1)
2025-04-21 00:00:00 INFO        dummy estimated 1u^2 with accuracy 100%. Messages:
2025-04-21 00:00:00 INFO        | Multiplying by n_instances 1
2025-04-21 00:00:00 INFO        
2025-04-21 00:00:00 INFO        AREA ESTIMATION for aladdin_register(depth=1, width=16, datawidth=16, has_power_gating=False, n_banks=2, cluster_size=1, reduction_supported=True, multiple_buffering=1, min_utilization=0, allow_overbooking=False, meshX=32, meshY=32, technology=45nm, version=0.4, global_cycle_seconds=1e-09, action_latency_cycles=1, cycle_seconds=1e-09, n_instances=1)
2025-04-21 00:00:00 INFO        Library estimated 166.336u^2 with accuracy 90%. Messages:
2025-04-21 00:00:00 INFO        | Found 4 entries for aladdin_register.
2025-04-21 00:00:00 INFO        | Checking entry "{'technology': '40nm', 'global_cycle_seconds': '1e-9', 'width|datawidth': '1', 'dynamic energy(pJ)': '0.009', 'area(um^2)': '5.98E+00', 'action': 'read', 'name': 'aladdin_register', 'n_instances': 1}
2025-04-21 00:00:00 INFO        | value=5.98, matching_attrs=2, log=['Scaling width from 1 to 16', 'Scaling technology from 40nm to 45nm', 'Scaling global_cycle_seconds from 1e-9 to 1e-09', 'Scaled aladdin_register.width from 1.0 to 16.0: 16.0x area', 'Scaled aladdin_register.technology from 40.0 to 45.0: 1.7384615384615385x area', 'Scaled aladdin_register.global_cycle_seconds from 1e-09 to 1e-09: 1x area', 'aladdin_register area has been scaled 27.815384615384616x']
2025-04-21 00:00:00 INFO        | Checking entry "{'technology': '40nm', 'global_cycle_seconds': '1e-9', 'width|datawidth': '1', 'dynamic energy(pJ)': '0', 'area(um^2)': '5.98E+00', 'action': 'write', 'name': 'aladdin_register', 'n_instances': 1}
2025-04-21 00:00:00 INFO        | value=5.98, matching_attrs=2, log=['Scaling width from 1 to 16', 'Scaling technology from 40nm to 45nm', 'Scaling global_cycle_seconds from 1e-9 to 1e-09', 'Scaled aladdin_register.width from 1.0 to 16.0: 16.0x area', 'Scaled aladdin_register.technology from 40.0 to 45.0: 1.7384615384615385x area', 'Scaled aladdin_register.global_cycle_seconds from 1e-09 to 1e-09: 1x area', 'aladdin_register area has been scaled 27.815384615384616x']
2025-04-21 00:00:00 INFO        | Checking entry "{'technology': '40nm', 'global_cycle_seconds': '1e-9', 'width|datawidth': '1', 'dynamic energy(pJ)': '0', 'area(um^2)': '5.98E+00', 'action': 'leak', 'name': 'aladdin_register', 'n_instances': 1}
2025-04-21 00:00:00 INFO        | value=5.98, matching_attrs=2, log=['Scaling width from 1 to 16', 'Scaling technology from 40nm to 45nm', 'Scaling global_cycle_seconds from 1e-9 to 1e-09', 'Scaled aladdin_register.width from 1.0 to 16.0: 16.0x area', 'Scaled aladdin_register.technology from 40.0 to 45.0: 1.7384615384615385x area', 'Scaled aladdin_register.global_cycle_seconds from 1e-09 to 1e-09: 1x area', 'aladdin_register area has been scaled 27.815384615384616x']
2025-04-21 00:00:00 INFO        | Checking entry "{'technology': '40nm', 'global_cycle_seconds': '1e-9', 'width|datawidth': '1', 'dynamic energy(pJ)': '0', 'area(um^2)': '5.98E+00', 'action': 'update', 'name': 'aladdin_register', 'n_instances': 1}
2025-04-21 00:00:00 INFO        | value=5.98, matching_attrs=2, log=['Scaling width from 1 to 16', 'Scaling technology from 40nm to 45nm', 'Scaling global_cycle_seconds from 1e-9 to 1e-09', 'Scaled aladdin_register.width from 1.0 to 16.0: 16.0x area', 'Scaled aladdin_register.technology from 40.0 to 45.0: 1.7384615384615385x area', 'Scaled aladdin_register.global_cycle_seconds from 1e-09 to 1e-09: 1x area', 'aladdin_register area has been scaled 27.815384615384616x']
2025-04-21 00:00:00 INFO        | Best-matching entry: {'technology': '40nm', 'global_cycle_seconds': '1e-9', 'width|datawidth': '1', 'dynamic energy(pJ)': '0.009', 'area(um^2)': '5.98E+00', 'action': 'read', 'name': 'aladdin_register', 'n_instances': 1}
2025-04-21 00:00:00 INFO        | Scaling width from 1 to 16
2025-04-21 00:00:00 INFO        | Scaling technology from 40nm to 45nm
2025-04-21 00:00:00 INFO        | Scaling global_cycle_seconds from 1e-9 to 1e-09
2025-04-21 00:00:00 INFO        | Scaled aladdin_register.width from 1.0 to 16.0: 16.0x area
2025-04-21 00:00:00 INFO        | Scaled aladdin_register.technology from 40.0 to 45.0: 1.7384615384615385x area
2025-04-21 00:00:00 INFO        | Scaled aladdin_register.global_cycle_seconds from 1e-09 to 1e-09: 1x area
2025-04-21 00:00:00 INFO        | aladdin_register area has been scaled 27.815384615384616x
2025-04-21 00:00:00 INFO        | Multiplying by n_instances 1
2025-04-21 00:00:00 INFO        
2025-04-21 00:00:00 INFO        AREA ESTIMATION for aladdin_register(depth=1, width=16, datawidth=16, has_power_gating=False, n_banks=2, cluster_size=1, reduction_supported=True, multiple_buffering=1, min_utilization=0, allow_overbooking=False, meshX=32, meshY=32, technology=45nm, version=0.4, global_cycle_seconds=1e-09, action_latency_cycles=1, cycle_seconds=1e-09, n_instances=1)
2025-04-21 00:00:00 INFO        Library estimated 166.336u^2 with accuracy 90%. Messages:
2025-04-21 00:00:00 INFO        | Found 4 entries for aladdin_register.
2025-04-21 00:00:00 INFO        | Checking entry "{'technology': '40nm', 'global_cycle_seconds': '1e-9', 'width|datawidth': '1', 'dynamic energy(pJ)': '0.009', 'area(um^2)': '5.98E+00', 'action': 'read', 'name': 'aladdin_register', 'n_instances': 1}
2025-04-21 00:00:00 INFO        | value=5.98, matching_attrs=2, log=['Scaling width from 1 to 16', 'Scaling technology from 40nm to 45nm', 'Scaling global_cycle_seconds from 1e-9 to 1e-09', 'Scaled aladdin_register.width from 1.0 to 16.0: 16.0x area', 'Scaled aladdin_register.technology from 40.0 to 45.0: 1.7384615384615385x area', 'Scaled aladdin_register.global_cycle_seconds from 1e-09 to 1e-09: 1x area', 'aladdin_register area has been scaled 27.815384615384616x']
2025-04-21 00:00:00 INFO        | Checking entry "{'technology': '40nm', 'global_cycle_seconds': '1e-9', 'width|datawidth': '1', 'dynamic energy(pJ)': '0', 'area(um^2)': '5.98E+00', 'action': 'write', 'name': 'aladdin_register', 'n_instances': 1}
2025-04-21 00:00:00 INFO        | value=5.98, matching_attrs=2, log=['Scaling width from 1 to 16', 'Scaling technology from 40nm to 45nm', 'Scaling global_cycle_seconds from 1e-9 to 1e-09', 'Scaled aladdin_register.width from 1.0 to 16.0: 16.0x area', 'Scaled aladdin_register.technology from 40.0 to 45.0: 1.7384615384615385x area', 'Scaled aladdin_register.global_cycle_seconds from 1e-09 to 1e-09: 1x area', 'aladdin_register area has been scaled 27.815384615384616x']
2025-04-21 00:00:00 INFO        | Checking entry "{'technology': '40nm', 'global_cycle_seconds': '1e-9', 'width|datawidth': '1', 'dynamic energy(pJ)': '0', 'area(um^2)': '5.98E+00', 'action': 'leak', 'name': 'aladdin_register', 'n_instances': 1}
2025-04-21 00:00:00 INFO        | value=5.98, matching_attrs=2, log=['Scaling width from 1 to 16', 'Scaling technology from 40nm to 45nm', 'Scaling global_cycle_seconds from 1e-9 to 1e-09', 'Scaled aladdin_register.width from 1.0 to 16.0: 16.0x area', 'Scaled aladdin_register.technology from 40.0 to 45.0: 1.7384615384615385x area', 'Scaled aladdin_register.global_cycle_seconds from 1e-09 to 1e-09: 1x area', 'aladdin_register area has been scaled 27.815384615384616x']
2025-04-21 00:00:00 INFO        | Checking entry "{'technology': '40nm', 'global_cycle_seconds': '1e-9', 'width|datawidth': '1', 'dynamic energy(pJ)': '0', 'area(um^2)': '5.98E+00', 'action': 'update', 'name': 'aladdin_register', 'n_instances': 1}
2025-04-21 00:00:00 INFO        | value=5.98, matching_attrs=2, log=['Scaling width from 1 to 16', 'Scaling technology from 40nm to 45nm', 'Scaling global_cycle_seconds from 1e-9 to 1e-09', 'Scaled aladdin_register.width from 1.0 to 16.0: 16.0x area', 'Scaled aladdin_register.technology from 40.0 to 45.0: 1.7384615384615385x area', 'Scaled aladdin_register.global_cycle_seconds from 1e-09 to 1e-09: 1x area', 'aladdin_register area has been scaled 27.815384615384616x']
2025-04-21 00:00:00 INFO        | Best-matching entry: {'technology': '40nm', 'global_cycle_seconds': '1e-9', 'width|datawidth': '1', 'dynamic energy(pJ)': '0.009', 'area(um^2)': '5.98E+00', 'action': 'read', 'name': 'aladdin_register', 'n_instances': 1}
2025-04-21 00:00:00 INFO        | Scaling width from 1 to 16
2025-04-21 00:00:00 INFO        | Scaling technology from 40nm to 45nm
2025-04-21 00:00:00 INFO        | Scaling global_cycle_seconds from 1e-9 to 1e-09
2025-04-21 00:00:00 INFO        | Scaled aladdin_register.width from 1.0 to 16.0: 16.0x area
2025-04-21 00:00:00 INFO        | Scaled aladdin_register.technology from 40.0 to 45.0: 1.7384615384615385x area
2025-04-21 00:00:00 INFO        | Scaled aladdin_register.global_cycle_seconds from 1e-09 to 1e-09: 1x area
2025-04-21 00:00:00 INFO        | aladdin_register area has been scaled 27.815384615384616x
2025-04-21 00:00:00 INFO        | Multiplying by n_instances 1
2025-04-21 00:00:00 INFO        
2025-04-21 00:00:00 INFO        AREA ESTIMATION for aladdin_register(depth=1, width=16, datawidth=16, has_power_gating=False, n_banks=2, cluster_size=1, reduction_supported=True, multiple_buffering=1, min_utilization=0, allow_overbooking=False, meshX=32, meshY=32, technology=45nm, version=0.4, global_cycle_seconds=1e-09, action_latency_cycles=1, cycle_seconds=1e-09, n_instances=1)
2025-04-21 00:00:00 INFO        Library estimated 166.336u^2 with accuracy 90%. Messages:
2025-04-21 00:00:00 INFO        | Found 4 entries for aladdin_register.
2025-04-21 00:00:00 INFO        | Checking entry "{'technology': '40nm', 'global_cycle_seconds': '1e-9', 'width|datawidth': '1', 'dynamic energy(pJ)': '0.009', 'area(um^2)': '5.98E+00', 'action': 'read', 'name': 'aladdin_register', 'n_instances': 1}
2025-04-21 00:00:00 INFO        | value=5.98, matching_attrs=2, log=['Scaling width from 1 to 16', 'Scaling technology from 40nm to 45nm', 'Scaling global_cycle_seconds from 1e-9 to 1e-09', 'Scaled aladdin_register.width from 1.0 to 16.0: 16.0x area', 'Scaled aladdin_register.technology from 40.0 to 45.0: 1.7384615384615385x area', 'Scaled aladdin_register.global_cycle_seconds from 1e-09 to 1e-09: 1x area', 'aladdin_register area has been scaled 27.815384615384616x']
2025-04-21 00:00:00 INFO        | Checking entry "{'technology': '40nm', 'global_cycle_seconds': '1e-9', 'width|datawidth': '1', 'dynamic energy(pJ)': '0', 'area(um^2)': '5.98E+00', 'action': 'write', 'name': 'aladdin_register', 'n_instances': 1}
2025-04-21 00:00:00 INFO        | value=5.98, matching_attrs=2, log=['Scaling width from 1 to 16', 'Scaling technology from 40nm to 45nm', 'Scaling global_cycle_seconds from 1e-9 to 1e-09', 'Scaled aladdin_register.width from 1.0 to 16.0: 16.0x area', 'Scaled aladdin_register.technology from 40.0 to 45.0: 1.7384615384615385x area', 'Scaled aladdin_register.global_cycle_seconds from 1e-09 to 1e-09: 1x area', 'aladdin_register area has been scaled 27.815384615384616x']
2025-04-21 00:00:00 INFO        | Checking entry "{'technology': '40nm', 'global_cycle_seconds': '1e-9', 'width|datawidth': '1', 'dynamic energy(pJ)': '0', 'area(um^2)': '5.98E+00', 'action': 'leak', 'name': 'aladdin_register', 'n_instances': 1}
2025-04-21 00:00:00 INFO        | value=5.98, matching_attrs=2, log=['Scaling width from 1 to 16', 'Scaling technology from 40nm to 45nm', 'Scaling global_cycle_seconds from 1e-9 to 1e-09', 'Scaled aladdin_register.width from 1.0 to 16.0: 16.0x area', 'Scaled aladdin_register.technology from 40.0 to 45.0: 1.7384615384615385x area', 'Scaled aladdin_register.global_cycle_seconds from 1e-09 to 1e-09: 1x area', 'aladdin_register area has been scaled 27.815384615384616x']
2025-04-21 00:00:00 INFO        | Checking entry "{'technology': '40nm', 'global_cycle_seconds': '1e-9', 'width|datawidth': '1', 'dynamic energy(pJ)': '0', 'area(um^2)': '5.98E+00', 'action': 'update', 'name': 'aladdin_register', 'n_instances': 1}
2025-04-21 00:00:00 INFO        | value=5.98, matching_attrs=2, log=['Scaling width from 1 to 16', 'Scaling technology from 40nm to 45nm', 'Scaling global_cycle_seconds from 1e-9 to 1e-09', 'Scaled aladdin_register.width from 1.0 to 16.0: 16.0x area', 'Scaled aladdin_register.technology from 40.0 to 45.0: 1.7384615384615385x area', 'Scaled aladdin_register.global_cycle_seconds from 1e-09 to 1e-09: 1x area', 'aladdin_register area has been scaled 27.815384615384616x']
2025-04-21 00:00:00 INFO        | Best-matching entry: {'technology': '40nm', 'global_cycle_seconds': '1e-9', 'width|datawidth': '1', 'dynamic energy(pJ)': '0.009', 'area(um^2)': '5.98E+00', 'action': 'read', 'name': 'aladdin_register', 'n_instances': 1}
2025-04-21 00:00:00 INFO        | Scaling width from 1 to 16
2025-04-21 00:00:00 INFO        | Scaling technology from 40nm to 45nm
2025-04-21 00:00:00 INFO        | Scaling global_cycle_seconds from 1e-9 to 1e-09
2025-04-21 00:00:00 INFO        | Scaled aladdin_register.width from 1.0 to 16.0: 16.0x area
2025-04-21 00:00:00 INFO        | Scaled aladdin_register.technology from 40.0 to 45.0: 1.7384615384615385x area
2025-04-21 00:00:00 INFO        | Scaled aladdin_register.global_cycle_seconds from 1e-09 to 1e-09: 1x area
2025-04-21 00:00:00 INFO        | aladdin_register area has been scaled 27.815384615384616x
2025-04-21 00:00:00 INFO        | Multiplying by n_instances 1
2025-04-21 00:00:00 INFO        
2025-04-21 00:00:00 INFO        AREA ESTIMATION for aladdin_adder(width=32, global_cycle_seconds=1e-09, action_latency_cycles=1, cycle_seconds=1e-09, technology=45nm, n_instances=1)
2025-04-21 00:00:00 INFO        Library estimated 483.2923076923077u^2 with accuracy 90%. Messages:
2025-04-21 00:00:00 INFO        | Found 5 entries for aladdin_adder.
2025-04-21 00:00:00 INFO        | Checking entry "{'technology': '40nm', 'global_cycle_seconds': '1e-9', 'width|datawidth': '32', 'energy': '0.21', 'area': '2.78E+02', 'action': 'add', 'name': 'aladdin_adder', 'n_instances': 1}
2025-04-21 00:00:00 INFO        | value=278.0, matching_attrs=3, log=['Scaling global_cycle_seconds from 1e-9 to 1e-09', 'Scaling technology from 40nm to 45nm', 'Scaled aladdin_adder.global_cycle_seconds from 1e-09 to 1e-09: 1x area', 'Scaled aladdin_adder.technology from 40.0 to 45.0: 1.7384615384615385x area', 'aladdin_adder area has been scaled 1.7384615384615385x']
2025-04-21 00:00:00 INFO        | Checking entry "{'technology': '40nm', 'global_cycle_seconds': '1e-9', 'width|datawidth': '32', 'energy': '0.21', 'area': '2.78E+02', 'action': 'read', 'name': 'aladdin_adder', 'n_instances': 1}
2025-04-21 00:00:00 INFO        | value=278.0, matching_attrs=3, log=['Scaling global_cycle_seconds from 1e-9 to 1e-09', 'Scaling technology from 40nm to 45nm', 'Scaled aladdin_adder.global_cycle_seconds from 1e-09 to 1e-09: 1x area', 'Scaled aladdin_adder.technology from 40.0 to 45.0: 1.7384615384615385x area', 'aladdin_adder area has been scaled 1.7384615384615385x']
2025-04-21 00:00:00 INFO        | Checking entry "{'technology': '40nm', 'global_cycle_seconds': '1e-9', 'width|datawidth': '32', 'energy': '0.0024', 'area': '2.78E+02', 'action': 'leak', 'name': 'aladdin_adder', 'n_instances': 1}
2025-04-21 00:00:00 INFO        | value=278.0, matching_attrs=3, log=['Scaling global_cycle_seconds from 1e-9 to 1e-09', 'Scaling technology from 40nm to 45nm', 'Scaled aladdin_adder.global_cycle_seconds from 1e-09 to 1e-09: 1x area', 'Scaled aladdin_adder.technology from 40.0 to 45.0: 1.7384615384615385x area', 'aladdin_adder area has been scaled 1.7384615384615385x']
2025-04-21 00:00:00 INFO        | Checking entry "{'technology': '40nm', 'global_cycle_seconds': '1e-9', 'width|datawidth': '32', 'energy': '0', 'area': '2.78E+02', 'action': 'update', 'name': 'aladdin_adder', 'n_instances': 1}
2025-04-21 00:00:00 INFO        | value=278.0, matching_attrs=3, log=['Scaling global_cycle_seconds from 1e-9 to 1e-09', 'Scaling technology from 40nm to 45nm', 'Scaled aladdin_adder.global_cycle_seconds from 1e-09 to 1e-09: 1x area', 'Scaled aladdin_adder.technology from 40.0 to 45.0: 1.7384615384615385x area', 'aladdin_adder area has been scaled 1.7384615384615385x']
2025-04-21 00:00:00 INFO        | Checking entry "{'technology': '40nm', 'global_cycle_seconds': '1e-9', 'width|datawidth': '32', 'energy': '0', 'area': '2.78E+02', 'action': 'write', 'name': 'aladdin_adder', 'n_instances': 1}
2025-04-21 00:00:00 INFO        | value=278.0, matching_attrs=3, log=['Scaling global_cycle_seconds from 1e-9 to 1e-09', 'Scaling technology from 40nm to 45nm', 'Scaled aladdin_adder.global_cycle_seconds from 1e-09 to 1e-09: 1x area', 'Scaled aladdin_adder.technology from 40.0 to 45.0: 1.7384615384615385x area', 'aladdin_adder area has been scaled 1.7384615384615385x']
2025-04-21 00:00:00 INFO        | Best-matching entry: {'technology': '40nm', 'global_cycle_seconds': '1e-9', 'width|datawidth': '32', 'energy': '0.21', 'area': '2.78E+02', 'action': 'add', 'name': 'aladdin_adder', 'n_instances': 1}
2025-04-21 00:00:00 INFO        | Scaling global_cycle_seconds from 1e-9 to 1e-09
2025-04-21 00:00:00 INFO        | Scaling technology from 40nm to 45nm
2025-04-21 00:00:00 INFO        | Scaled aladdin_adder.global_cycle_seconds from 1e-09 to 1e-09: 1x area
2025-04-21 00:00:00 INFO        | Scaled aladdin_adder.technology from 40.0 to 45.0: 1.7384615384615385x area
2025-04-21 00:00:00 INFO        | aladdin_adder area has been scaled 1.7384615384615385x
2025-04-21 00:00:00 INFO        | Multiplying by n_instances 1
2025-04-21 00:00:00 INFO        
2025-04-21 00:00:00 INFO        AREA ESTIMATION for aladdin_multiplier(width_a=16, width_b=16, global_cycle_seconds=1e-09, action_latency_cycles=1, cycle_seconds=1e-09, technology=45nm, n_instances=1)
2025-04-21 00:00:00 INFO        Library estimated 2759.8076923076924u^2 with accuracy 90%. Messages:
2025-04-21 00:00:00 INFO        | Found 5 entries for aladdin_multiplier.
2025-04-21 00:00:00 INFO        | Checking entry "{'technology': '40nm', 'global_cycle_seconds': '1e-9', 'width|datawidth': '32', 'width_a|datawidth_a': '32', 'width_b|datawidth_b': '32', 'energy(pJ)': '12.68', 'area(um^2)': '6350', 'action': 'multiply', 'name': 'aladdin_multiplier', 'n_instances': 1}
2025-04-21 00:00:00 INFO        | value=6350.0, matching_attrs=2, log=['Scaling width_a from 32 to 16', 'Scaling width_b from 32 to 16', 'Scaling global_cycle_seconds from 1e-9 to 1e-09', 'Scaling technology from 40nm to 45nm', 'Scaled aladdin_multiplier.width_a from 32.0 to 16.0: 0.5x area', 'Scaled aladdin_multiplier.width_b from 32.0 to 16.0: 0.5x area', 'Scaled aladdin_multiplier.global_cycle_seconds from 1e-09 to 1e-09: 1x area', 'Scaled aladdin_multiplier.technology from 40.0 to 45.0: 1.7384615384615385x area', 'aladdin_multiplier area has been scaled 0.4346153846153846x']
2025-04-21 00:00:00 INFO        | Checking entry "{'technology': '40nm', 'global_cycle_seconds': '1e-9', 'width|datawidth': '32', 'width_a|datawidth_a': '32', 'width_b|datawidth_b': '32', 'energy(pJ)': '12.68', 'area(um^2)': '6350', 'action': 'read', 'name': 'aladdin_multiplier', 'n_instances': 1}
2025-04-21 00:00:00 INFO        | value=6350.0, matching_attrs=2, log=['Scaling width_a from 32 to 16', 'Scaling width_b from 32 to 16', 'Scaling global_cycle_seconds from 1e-9 to 1e-09', 'Scaling technology from 40nm to 45nm', 'Scaled aladdin_multiplier.width_a from 32.0 to 16.0: 0.5x area', 'Scaled aladdin_multiplier.width_b from 32.0 to 16.0: 0.5x area', 'Scaled aladdin_multiplier.global_cycle_seconds from 1e-09 to 1e-09: 1x area', 'Scaled aladdin_multiplier.technology from 40.0 to 45.0: 1.7384615384615385x area', 'aladdin_multiplier area has been scaled 0.4346153846153846x']
2025-04-21 00:00:00 INFO        | Checking entry "{'technology': '40nm', 'global_cycle_seconds': '1e-9', 'width|datawidth': '32', 'width_a|datawidth_a': '32', 'width_b|datawidth_b': '32', 'energy(pJ)': '0.08', 'area(um^2)': '6350', 'action': 'leak', 'name': 'aladdin_multiplier', 'n_instances': 1}
2025-04-21 00:00:00 INFO        | value=6350.0, matching_attrs=2, log=['Scaling width_a from 32 to 16', 'Scaling width_b from 32 to 16', 'Scaling global_cycle_seconds from 1e-9 to 1e-09', 'Scaling technology from 40nm to 45nm', 'Scaled aladdin_multiplier.width_a from 32.0 to 16.0: 0.5x area', 'Scaled aladdin_multiplier.width_b from 32.0 to 16.0: 0.5x area', 'Scaled aladdin_multiplier.global_cycle_seconds from 1e-09 to 1e-09: 1x area', 'Scaled aladdin_multiplier.technology from 40.0 to 45.0: 1.7384615384615385x area', 'aladdin_multiplier area has been scaled 0.4346153846153846x']
2025-04-21 00:00:00 INFO        | Checking entry "{'technology': '40nm', 'global_cycle_seconds': '1e-9', 'width|datawidth': '32', 'width_a|datawidth_a': '32', 'width_b|datawidth_b': '32', 'energy(pJ)': '0', 'area(um^2)': '6350', 'action': 'update', 'name': 'aladdin_multiplier', 'n_instances': 1}
2025-04-21 00:00:00 INFO        | value=6350.0, matching_attrs=2, log=['Scaling width_a from 32 to 16', 'Scaling width_b from 32 to 16', 'Scaling global_cycle_seconds from 1e-9 to 1e-09', 'Scaling technology from 40nm to 45nm', 'Scaled aladdin_multiplier.width_a from 32.0 to 16.0: 0.5x area', 'Scaled aladdin_multiplier.width_b from 32.0 to 16.0: 0.5x area', 'Scaled aladdin_multiplier.global_cycle_seconds from 1e-09 to 1e-09: 1x area', 'Scaled aladdin_multiplier.technology from 40.0 to 45.0: 1.7384615384615385x area', 'aladdin_multiplier area has been scaled 0.4346153846153846x']
2025-04-21 00:00:00 INFO        | Checking entry "{'technology': '40nm', 'global_cycle_seconds': '1e-9', 'width|datawidth': '32', 'width_a|datawidth_a': '32', 'width_b|datawidth_b': '32', 'energy(pJ)': '0', 'area(um^2)': '6350', 'action': 'write', 'name': 'aladdin_multiplier', 'n_instances': 1}
2025-04-21 00:00:00 INFO        | value=6350.0, matching_attrs=2, log=['Scaling width_a from 32 to 16', 'Scaling width_b from 32 to 16', 'Scaling global_cycle_seconds from 1e-9 to 1e-09', 'Scaling technology from 40nm to 45nm', 'Scaled aladdin_multiplier.width_a from 32.0 to 16.0: 0.5x area', 'Scaled aladdin_multiplier.width_b from 32.0 to 16.0: 0.5x area', 'Scaled aladdin_multiplier.global_cycle_seconds from 1e-09 to 1e-09: 1x area', 'Scaled aladdin_multiplier.technology from 40.0 to 45.0: 1.7384615384615385x area', 'aladdin_multiplier area has been scaled 0.4346153846153846x']
2025-04-21 00:00:00 INFO        | Best-matching entry: {'technology': '40nm', 'global_cycle_seconds': '1e-9', 'width|datawidth': '32', 'width_a|datawidth_a': '32', 'width_b|datawidth_b': '32', 'energy(pJ)': '12.68', 'area(um^2)': '6350', 'action': 'multiply', 'name': 'aladdin_multiplier', 'n_instances': 1}
2025-04-21 00:00:00 INFO        | Scaling width_a from 32 to 16
2025-04-21 00:00:00 INFO        | Scaling width_b from 32 to 16
2025-04-21 00:00:00 INFO        | Scaling global_cycle_seconds from 1e-9 to 1e-09
2025-04-21 00:00:00 INFO        | Scaling technology from 40nm to 45nm
2025-04-21 00:00:00 INFO        | Scaled aladdin_multiplier.width_a from 32.0 to 16.0: 0.5x area
2025-04-21 00:00:00 INFO        | Scaled aladdin_multiplier.width_b from 32.0 to 16.0: 0.5x area
2025-04-21 00:00:00 INFO        | Scaled aladdin_multiplier.global_cycle_seconds from 1e-09 to 1e-09: 1x area
2025-04-21 00:00:00 INFO        | Scaled aladdin_multiplier.technology from 40.0 to 45.0: 1.7384615384615385x area
2025-04-21 00:00:00 INFO        | aladdin_multiplier area has been scaled 0.4346153846153846x
2025-04-21 00:00:00 INFO        | Multiplying by n_instances 1
2025-04-21 00:00:00 INFO        flattened architecture is saved to:
2025-04-21 00:00:00 INFO        ./timeloop-mapper.flattened_architecture.yaml
2025-04-21 00:00:00 INFO        energy reference table is saved to:
2025-04-21 00:00:00 INFO        ./timeloop-mapper.ERT.yaml
2025-04-21 00:00:00 INFO        energy reference table summary is saved to:
2025-04-21 00:00:00 INFO        ./timeloop-mapper.ERT_summary.yaml
2025-04-21 00:00:00 WARNING     no runtime energy estimations are generated... not generating energy_estimation.yaml
2025-04-21 00:00:00 INFO        area reference table is saved to:
2025-04-21 00:00:00 INFO        ./timeloop-mapper.ART.yaml
2025-04-21 00:00:00 INFO        area reference table summary is saved to:
2025-04-21 00:00:00 INFO        ./timeloop-mapper.ART_summary.yaml
